(0000) 3000  0011000000000000 (   1)                 .ORIG x3000
(3000) 242D  0010010000101101 (   3)                 LD    R2 TERMINATE
(3001) E830  1110100000110000 (   4)                 LEA   R4 STRCHAR
(3002) 2A7F  0010101001111111 (   5)                 LD    R5 COUNTER
(3003) F023  1111000000100011 (   7) INPUT           TRAP  x23
(3004) 1280  0001001010000000 (   8)                 ADD   R1 R2 R0
(3005) 0404  0000010000000100 (   9)                 BRZ   CHKPAL
(3006) 7100  0111000100000000 (  10)                 STR   R0 R4 #0
(3007) 1921  0001100100100001 (  11)                 ADD   R4 R4 #1
(3008) 1B61  0001101101100001 (  12)                 ADD   R5 R5 #1
(3009) 0FF9  0000111111111001 (  14)                 BRNZP INPUT
(300A) E227  1110001000100111 (  16) CHKPAL          LEA   R1 STRCHAR
(300B) 2476  0010010001110110 (  17)                 LD    R2 COUNTER
(300C) 1485  0001010010000101 (  18)                 ADD   R2 R2 R5
(300D) 1442  0001010001000010 (  19)                 ADD   R2 R1 R2
(300E) 14BF  0001010010111111 (  20)                 ADD   R2 R2 #-1
(300F) 0E00  0000111000000000 (  21)                 BRNZP CHKLOOP
(3010) 6640  0110011001000000 (  23) CHKLOOP         LDR   R3 R1 #0
(3011) 6880  0110100010000000 (  24)                 LDR   R4 R2 #0
(3012) 9A7F  1001101001111111 (  25)                 NOT   R5 R1
(3013) 1B61  0001101101100001 (  26)                 ADD   R5 R5 #1
(3014) 1A85  0001101010000101 (  27)                 ADD   R5 R2 R5
(3015) 0C12  0000110000010010 (  28)                 BRNZ  PRTIS
(3016) 9AFF  1001101011111111 (  29)                 NOT   R5 R3
(3017) 1B61  0001101101100001 (  30)                 ADD   R5 R5 #1
(3018) 1B44  0001101101000100 (  31)                 ADD   R5 R5 R4
(3019) 1B60  0001101101100000 (  32)                 ADD   R5 R5 #0
(301A) 0805  0000100000000101 (  33)                 BRN   CHKIFLO
(301B) 0208  0000001000001000 (  34)                 BRP   CHKIFHI
(301C) 0400  0000010000000000 (  35)                 BRZ   INC
(301D) 1261  0001001001100001 (  37) INC             ADD   R1 R1 #1
(301E) 14BF  0001010010111111 (  38)                 ADD   R2 R2 #-1
(301F) 0FF0  0000111111110000 (  39)                 BRNZP CHKLOOP
(3020) 2E0E  0010111000001110 (  41) CHKIFLO         LD    R7 ASCII
(3021) 1D47  0001110101000111 (  42)                 ADD   R6 R5 R7
(3022) 05FA  0000010111111010 (  43)                 BRZ   INC
(3023) 0A07  0000101000000111 (  44)                 BRNP  PRTISNOT
(3024) 2E0B  0010111000001011 (  46) CHKIFHI         LD    R7 ASCIIU
(3025) 1D47  0001110101000111 (  47)                 ADD   R6 R5 R7
(3026) 05F6  0000010111110110 (  48)                 BRZ   INC
(3027) 0A03  0000101000000011 (  49)                 BRNP  PRTISNOT
(3028) E05A  1110000001011010 (  51) PRTIS           LEA   R0 ISP
(3029) F022  1111000000100010 (  52)                 TRAP  x22
(302A) 0E7C  0000111001111100 (  53)                 BRNZP EXIT
(302B) E067  1110000001100111 (  55) PRTISNOT        LEA   R0 ISNOTP
(302C) F022  1111000000100010 (  56)                 TRAP  x22
(302D) 0E79  0000111001111001 (  57)                 BRNZP EXIT
(302E) FFDA  1111111111011010 (  59) TERMINATE       .FILL xFFDA
(302F) 0020  0000000000100000 (  60) ASCII           .FILL x0020
(3030) FFE0  1111111111100000 (  61) ASCIIU          .FILL xFFE0
(3031) 0001  0000000000000001 (  62) ODD             .FILL x0001
(3032) 0000  0000000000000000 (  64) STRCHAR         .FILL x0000
(3033) 0000  0000000000000000 (  64)                 .FILL x0000
(3034) 0000  0000000000000000 (  64)                 .FILL x0000
(3035) 0000  0000000000000000 (  64)                 .FILL x0000
(3036) 0000  0000000000000000 (  64)                 .FILL x0000
(3037) 0000  0000000000000000 (  64)                 .FILL x0000
(3038) 0000  0000000000000000 (  64)                 .FILL x0000
(3039) 0000  0000000000000000 (  64)                 .FILL x0000
(303A) 0000  0000000000000000 (  64)                 .FILL x0000
(303B) 0000  0000000000000000 (  64)                 .FILL x0000
(303C) 0000  0000000000000000 (  64)                 .FILL x0000
(303D) 0000  0000000000000000 (  64)                 .FILL x0000
(303E) 0000  0000000000000000 (  64)                 .FILL x0000
(303F) 0000  0000000000000000 (  64)                 .FILL x0000
(3040) 0000  0000000000000000 (  64)                 .FILL x0000
(3041) 0000  0000000000000000 (  64)                 .FILL x0000
(3042) 0000  0000000000000000 (  64)                 .FILL x0000
(3043) 0000  0000000000000000 (  64)                 .FILL x0000
(3044) 0000  0000000000000000 (  64)                 .FILL x0000
(3045) 0000  0000000000000000 (  64)                 .FILL x0000
(3046) 0000  0000000000000000 (  64)                 .FILL x0000
(3047) 0000  0000000000000000 (  64)                 .FILL x0000
(3048) 0000  0000000000000000 (  64)                 .FILL x0000
(3049) 0000  0000000000000000 (  64)                 .FILL x0000
(304A) 0000  0000000000000000 (  64)                 .FILL x0000
(304B) 0000  0000000000000000 (  64)                 .FILL x0000
(304C) 0000  0000000000000000 (  64)                 .FILL x0000
(304D) 0000  0000000000000000 (  64)                 .FILL x0000
(304E) 0000  0000000000000000 (  64)                 .FILL x0000
(304F) 0000  0000000000000000 (  64)                 .FILL x0000
(3050) 0000  0000000000000000 (  64)                 .FILL x0000
(3051) 0000  0000000000000000 (  64)                 .FILL x0000
(3052) 0000  0000000000000000 (  64)                 .FILL x0000
(3053) 0000  0000000000000000 (  64)                 .FILL x0000
(3054) 0000  0000000000000000 (  64)                 .FILL x0000
(3055) 0000  0000000000000000 (  64)                 .FILL x0000
(3056) 0000  0000000000000000 (  64)                 .FILL x0000
(3057) 0000  0000000000000000 (  64)                 .FILL x0000
(3058) 0000  0000000000000000 (  64)                 .FILL x0000
(3059) 0000  0000000000000000 (  64)                 .FILL x0000
(305A) 0000  0000000000000000 (  64)                 .FILL x0000
(305B) 0000  0000000000000000 (  64)                 .FILL x0000
(305C) 0000  0000000000000000 (  64)                 .FILL x0000
(305D) 0000  0000000000000000 (  64)                 .FILL x0000
(305E) 0000  0000000000000000 (  64)                 .FILL x0000
(305F) 0000  0000000000000000 (  64)                 .FILL x0000
(3060) 0000  0000000000000000 (  64)                 .FILL x0000
(3061) 0000  0000000000000000 (  64)                 .FILL x0000
(3062) 0000  0000000000000000 (  64)                 .FILL x0000
(3063) 0000  0000000000000000 (  64)                 .FILL x0000
(3064) 0000  0000000000000000 (  64)                 .FILL x0000
(3065) 0000  0000000000000000 (  64)                 .FILL x0000
(3066) 0000  0000000000000000 (  64)                 .FILL x0000
(3067) 0000  0000000000000000 (  64)                 .FILL x0000
(3068) 0000  0000000000000000 (  64)                 .FILL x0000
(3069) 0000  0000000000000000 (  64)                 .FILL x0000
(306A) 0000  0000000000000000 (  64)                 .FILL x0000
(306B) 0000  0000000000000000 (  64)                 .FILL x0000
(306C) 0000  0000000000000000 (  64)                 .FILL x0000
(306D) 0000  0000000000000000 (  64)                 .FILL x0000
(306E) 0000  0000000000000000 (  64)                 .FILL x0000
(306F) 0000  0000000000000000 (  64)                 .FILL x0000
(3070) 0000  0000000000000000 (  64)                 .FILL x0000
(3071) 0000  0000000000000000 (  64)                 .FILL x0000
(3072) 0000  0000000000000000 (  64)                 .FILL x0000
(3073) 0000  0000000000000000 (  64)                 .FILL x0000
(3074) 0000  0000000000000000 (  64)                 .FILL x0000
(3075) 0000  0000000000000000 (  64)                 .FILL x0000
(3076) 0000  0000000000000000 (  64)                 .FILL x0000
(3077) 0000  0000000000000000 (  64)                 .FILL x0000
(3078) 0000  0000000000000000 (  64)                 .FILL x0000
(3079) 0000  0000000000000000 (  64)                 .FILL x0000
(307A) 0000  0000000000000000 (  64)                 .FILL x0000
(307B) 0000  0000000000000000 (  64)                 .FILL x0000
(307C) 0000  0000000000000000 (  64)                 .FILL x0000
(307D) 0000  0000000000000000 (  64)                 .FILL x0000
(307E) 0000  0000000000000000 (  64)                 .FILL x0000
(307F) 0000  0000000000000000 (  64)                 .FILL x0000
(3080) 0000  0000000000000000 (  64)                 .FILL x0000
(3081) 0000  0000000000000000 (  64)                 .FILL x0000
(3082) 0000  0000000000000000 (  64) COUNTER         .FILL x0000
(3083) 0049  0000000001001001 (  65) ISP             .FILL x0049
(3084) 0073  0000000001110011 (  65)                 .FILL x0073
(3085) 0020  0000000000100000 (  65)                 .FILL x0020
(3086) 0061  0000000001100001 (  65)                 .FILL x0061
(3087) 0020  0000000000100000 (  65)                 .FILL x0020
(3088) 0050  0000000001010000 (  65)                 .FILL x0050
(3089) 0061  0000000001100001 (  65)                 .FILL x0061
(308A) 006C  0000000001101100 (  65)                 .FILL x006C
(308B) 0065  0000000001100101 (  65)                 .FILL x0065
(308C) 006E  0000000001101110 (  65)                 .FILL x006E
(308D) 0064  0000000001100100 (  65)                 .FILL x0064
(308E) 0072  0000000001110010 (  65)                 .FILL x0072
(308F) 006F  0000000001101111 (  65)                 .FILL x006F
(3090) 006D  0000000001101101 (  65)                 .FILL x006D
(3091) 0065  0000000001100101 (  65)                 .FILL x0065
(3092) 0000  0000000000000000 (  65)                 .FILL x0000
(3093) 0049  0000000001001001 (  66) ISNOTP          .FILL x0049
(3094) 0073  0000000001110011 (  66)                 .FILL x0073
(3095) 0020  0000000000100000 (  66)                 .FILL x0020
(3096) 006E  0000000001101110 (  66)                 .FILL x006E
(3097) 006F  0000000001101111 (  66)                 .FILL x006F
(3098) 0074  0000000001110100 (  66)                 .FILL x0074
(3099) 0020  0000000000100000 (  66)                 .FILL x0020
(309A) 0061  0000000001100001 (  66)                 .FILL x0061
(309B) 0020  0000000000100000 (  66)                 .FILL x0020
(309C) 0050  0000000001010000 (  66)                 .FILL x0050
(309D) 0061  0000000001100001 (  66)                 .FILL x0061
(309E) 006C  0000000001101100 (  66)                 .FILL x006C
(309F) 0065  0000000001100101 (  66)                 .FILL x0065
(30A0) 006E  0000000001101110 (  66)                 .FILL x006E
(30A1) 0064  0000000001100100 (  66)                 .FILL x0064
(30A2) 0072  0000000001110010 (  66)                 .FILL x0072
(30A3) 006F  0000000001101111 (  66)                 .FILL x006F
(30A4) 006D  0000000001101101 (  66)                 .FILL x006D
(30A5) 0065  0000000001100101 (  66)                 .FILL x0065
(30A6) 0000  0000000000000000 (  66)                 .FILL x0000
(30A7) F025  1111000000100101 (  67) EXIT            TRAP  x25
